#
# A fatal error has been detected by the Java Runtime Environment:
#
#  EXCEPTION_ACCESS_VIOLATION (0xc0000005) at pc=0x000000006e9e1110, pid=15964, tid=4776
#
# JRE version: OpenJDK Runtime Environment (11.0.6+8) (build 11.0.6+8-b520.43)
# Java VM: OpenJDK 64-Bit Server VM (11.0.6+8-b520.43, mixed mode, sharing, tiered, compressed oops, g1 gc, windows-amd64)
# Problematic frame:
# C  [gdx-box2d64.dll+0x21110]
#
# No core dump will be written. Minidumps are not enabled by default on client versions of Windows
#
# If you would like to submit a bug report, please visit:
#   http://bugreport.java.com/bugreport/crash.jsp
# The crash happened outside the Java Virtual Machine in native code.
# See problematic frame for where to report the bug.
#

---------------  S U M M A R Y ------------

Command Line: -Dfile.encoding=windows-1250 -Duser.country=PL -Duser.language=pl -Duser.variant com.kwojewod.contra.desktop.DesktopLauncher

Host: Intel(R) Core(TM) i7-7700HQ CPU @ 2.80GHz, 8 cores, 7G,  Windows 10 , 64 bit Build 18362 (10.0.18362.900)
Time: Mon Jun 15 00:57:43 2020 ?rodkowoeuropejski czas letni elapsed time: 4 seconds (0d 0h 0m 4s)

---------------  T H R E A D  ---------------

Current thread (0x0000021c08758000):  JavaThread "LWJGL Application" [_thread_in_native, id=4776, stack(0x000000b8dde00000,0x000000b8ddf00000)]

Stack: [0x000000b8dde00000,0x000000b8ddf00000],  sp=0x000000b8ddefea68,  free space=1018k
Native frames: (J=compiled Java code, j=interpreted, Vv=VM code, C=native code)
C  [gdx-box2d64.dll+0x21110]

Java frames: (J=compiled Java code, j=interpreted, Vv=VM code)
j  com.badlogic.gdx.physics.box2d.World.jniStep(JFII)V+0
j  com.badlogic.gdx.physics.box2d.World.step(FII)V+8
j  com.kwojewod.contra.screens.PlayScreen.update(F)V+18
j  com.kwojewod.contra.screens.PlayScreen.render(F)V+2
j  com.badlogic.gdx.Game.render()V+19
j  com.kwojewod.contra.Contra.render()V+1
j  com.badlogic.gdx.backends.lwjgl.LwjglApplication.mainLoop()V+770
j  com.badlogic.gdx.backends.lwjgl.LwjglApplication$1.run()V+27
v  ~StubRoutines::call_stub

siginfo: EXCEPTION_ACCESS_VIOLATION (0xc0000005), writing address 0x0000021c07fb5c58


Register to memory mapping:

RIP=0x000000006e9e1110 gdx-box2d64.dll
RAX=0x000000006ea08900 gdx-box2d64.dll
RBX=0x0000021c07f9c950 points into unknown readable memory: c0 11 fe 07 1c 02 00 00
RCX=0x0000021c07f9c950 points into unknown readable memory: c0 11 fe 07 1c 02 00 00
RDX=0x000000b8ddefea90 is pointing into the stack for thread: 0x0000021c08758000
RSP=0x000000b8ddefea68 is pointing into the stack for thread: 0x0000021c08758000
RBP=0x000000b8ddefeb88 is pointing into the stack for thread: 0x0000021c08758000
RSI=0x0 is NULL
RDI=0x0000021c70189e73 is at code_begin+2355 in an Interpreter codelet
invoke return entry points  [0x0000021c70189540, 0x0000021c70189f60]  2592 bytes
R8 =0x0000021c07f9c950 points into unknown readable memory: c0 11 fe 07 1c 02 00 00
R9 =0x0000000000000001 is an unknown value
R10=0x0000021c7018f0c8 is at code_begin+1000 in an Interpreter codelet
method entry point (kind = native)  [0x0000021c7018ece0, 0x0000021c7018f840]  2912 bytes
R11=0x0000000000000102 is an unknown value
R12=0x0 is NULL
R13={method} {0x0000021c079eb3b8} 'jniStep' '(JFII)V' in 'com/badlogic/gdx/physics/box2d/World'
R14=0x000000b8ddefebd0 is pointing into the stack for thread: 0x0000021c08758000
R15=0x0000021c08758000 is a thread


Registers:
RAX=0x000000006ea08900, RBX=0x0000021c07f9c950, RCX=0x0000021c07f9c950, RDX=0x000000b8ddefea90
RSP=0x000000b8ddefea68, RBP=0x000000b8ddefeb88, RSI=0x0000000000000000, RDI=0x0000021c70189e73
R8 =0x0000021c07f9c950, R9 =0x0000000000000001, R10=0x0000021c7018f0c8, R11=0x0000000000000102
R12=0x0000000000000000, R13=0x0000021c079eb3b0, R14=0x000000b8ddefebd0, R15=0x0000021c08758000
RIP=0x000000006e9e1110, EFLAGS=0x0000000000010202

Top of Stack: (sp=0x000000b8ddefea68)
0x000000b8ddefea68:   000000006e9e74c9 000000b8ddefea70
0x000000b8ddefea78:   0000021c07a11fa1 000000b8ddefeac8
0x000000b8ddefea88:   0000021c07a12678 000000006ea088a0
0x000000b8ddefea98:   0000021c08758340 000000b8ddefebd0
0x000000b8ddefeaa8:   0000000000000000 000000006ea08900
0x000000b8ddefeab8:   0000021c08758340 000000b8ddefebd0
0x000000b8ddefeac8:   00000000889dbb00 000000003b08255e
0x000000b8ddefead8:   0000000000000000 0000021c079eb3b0
0x000000b8ddefeae8:   0000021c7018f0f7 0000000000000000
0x000000b8ddefeaf8:   00000000889cfe90 0000021c07a0ed80
0x000000b8ddefeb08:   0000000000000000 000000b800000006
0x000000b8ddefeb18:   000000b800000002 0000021c70189e73
0x000000b8ddefeb28:   00000000889d27c0 000000b8ddefeb30
0x000000b8ddefeb38:   0000021c07a065b4 000000b8ddefeb40
0x000000b8ddefeb48:   0000000000000000 000000b8ddefebd0
0x000000b8ddefeb58:   0000021c079fbf38 0000000000000000 

Instructions: (pc=0x000000006e9e1110)
0x000000006e9e1010:   01 00 00 00 00 00 48 c7 83 78 93 01 00 00 00 00
0x000000006e9e1020:   00 48 83 c4 20 5b 5e 5f c3 48 89 c6 48 89 d9 e8
0x000000006e9e1030:   ec aa fe ff 48 89 f1 e8 74 50 01 00 48 89 c7 48
0x000000006e9e1040:   89 f1 e8 39 b4 fe ff 48 89 fe eb e0 0f 1f 40 00
0x000000006e9e1050:   57 56 53 48 83 ec 20 48 8b 81 20 93 01 00 48 89
0x000000006e9e1060:   ce 48 85 c0 74 3d 66 2e 0f 1f 84 00 00 00 00 00
0x000000006e9e1070:   48 8b 48 70 48 8b 78 68 48 85 c9 74 1e 0f 1f 00
0x000000006e9e1080:   c7 41 30 00 00 00 00 48 89 f2 48 8b 59 08 e8 fd
0x000000006e9e1090:   e7 ff ff 48 85 db 48 89 d9 75 e5 48 85 ff 48 89
0x000000006e9e10a0:   f8 75 cd 48 8d 8e a0 92 01 00 e8 31 25 fe ff 48
0x000000006e9e10b0:   8d 8e 80 00 00 00 e8 c5 b3 fe ff 48 89 f1 48 83
0x000000006e9e10c0:   c4 20 5b 5e 5f e9 56 aa fe ff 48 8d 8e a0 92 01
0x000000006e9e10d0:   00 48 89 c3 e8 07 25 fe ff 48 8d 8e 80 00 00 00
0x000000006e9e10e0:   e8 9b b3 fe ff 48 89 f1 e8 33 aa fe ff 48 89 d9
0x000000006e9e10f0:   e8 bb 4f 01 00 48 89 c3 eb eb 48 89 c3 eb da 90
0x000000006e9e1100:   48 89 91 48 93 01 00 c3 0f 1f 84 00 00 00 00 00
0x000000006e9e1110:   48 89 91 08 93 01 00 c3 0f 1f 84 00 00 00 00 00
0x000000006e9e1120:   48 89 91 10 93 01 00 c3 0f 1f 84 00 00 00 00 00
0x000000006e9e1130:   48 89 91 50 93 01 00 c3 0f 1f 84 00 00 00 00 00
0x000000006e9e1140:   57 56 53 48 83 ec 20 f6 81 98 92 01 00 02 48 89
0x000000006e9e1150:   ce 48 89 d7 75 5a ba b8 00 00 00 48 89 f1 e8 fd
0x000000006e9e1160:   a9 fe ff 48 85 c0 48 89 c3 74 0e 49 89 f0 48 89
0x000000006e9e1170:   fa 48 89 c1 e8 97 ce ff ff 48 8b 86 20 93 01 00
0x000000006e9e1180:   48 c7 43 60 00 00 00 00 48 85 c0 48 89 43 68 74
0x000000006e9e1190:   04 48 89 58 60 83 86 30 93 01 00 01 48 89 d8 48
0x000000006e9e11a0:   89 9e 20 93 01 00 48 83 c4 20 5b 5e 5f c3 66 90
0x000000006e9e11b0:   48 8d 15 f9 37 02 00 48 8d 0d 57 38 02 00 41 b8
0x000000006e9e11c0:   6d 00 00 00 e8 07 54 01 00 31 c0 f6 86 98 92 01
0x000000006e9e11d0:   00 02 74 82 48 83 c4 20 5b 5e 5f c3 0f 1f 40 00
0x000000006e9e11e0:   56 53 48 83 ec 28 f6 81 98 92 01 00 02 48 89 cb
0x000000006e9e11f0:   48 89 d6 0f 85 f7 00 00 00 48 89 f1 48 89 da e8
0x000000006e9e1200:   6c 28 ff ff 48 89 c1 48 c7 40 10 00 00 00 00 48 


Stack slot to memory mapping:
stack at sp + 0 slots: 0x000000006e9e74c9 gdx-box2d64.dll
stack at sp + 1 slots: 0x000000b8ddefea70 is pointing into the stack for thread: 0x0000021c08758000
stack at sp + 2 slots: 0x0000021c07a11fa1 is pointing into metadata
stack at sp + 3 slots: 0x000000b8ddefeac8 is pointing into the stack for thread: 0x0000021c08758000
stack at sp + 4 slots: 0x0000021c07a12678 is pointing into metadata
stack at sp + 5 slots: 0x000000006ea088a0 gdx-box2d64.dll
stack at sp + 6 slots: 0x0000021c08758340 points into unknown readable memory: 90 3c a4 62 fe 7f 00 00
stack at sp + 7 slots: 0x000000b8ddefebd0 is pointing into the stack for thread: 0x0000021c08758000


---------------  P R O C E S S  ---------------

Threads class SMR info:
_java_thread_list=0x0000021c110d6bc0, length=13, elements={
0x0000021c071c8000, 0x0000021c071c9800, 0x0000021c071e3000, 0x0000021c071e4000,
0x0000021c071e5800, 0x0000021c071ea800, 0x0000021c071f3000, 0x0000021c07c70800,
0x0000021c07c68000, 0x0000021c08758000, 0x0000021c6a8b1000, 0x0000021c10cd8800,
0x0000021c10dbb800
}

Java Threads: ( => current thread )
  0x0000021c071c8000 JavaThread "Reference Handler" daemon [_thread_blocked, id=16136, stack(0x000000b8dd200000,0x000000b8dd300000)]
  0x0000021c071c9800 JavaThread "Finalizer" daemon [_thread_blocked, id=13432, stack(0x000000b8dd300000,0x000000b8dd400000)]
  0x0000021c071e3000 JavaThread "Signal Dispatcher" daemon [_thread_blocked, id=9908, stack(0x000000b8dd400000,0x000000b8dd500000)]
  0x0000021c071e4000 JavaThread "Attach Listener" daemon [_thread_blocked, id=2668, stack(0x000000b8dd500000,0x000000b8dd600000)]
  0x0000021c071e5800 JavaThread "C2 CompilerThread0" daemon [_thread_blocked, id=13292, stack(0x000000b8dd600000,0x000000b8dd700000)]
  0x0000021c071ea800 JavaThread "C1 CompilerThread0" daemon [_thread_blocked, id=11268, stack(0x000000b8dd700000,0x000000b8dd800000)]
  0x0000021c071f3000 JavaThread "Sweeper thread" daemon [_thread_blocked, id=2064, stack(0x000000b8dd800000,0x000000b8dd900000)]
  0x0000021c07c70800 JavaThread "Service Thread" daemon [_thread_blocked, id=9192, stack(0x000000b8dd900000,0x000000b8dda00000)]
  0x0000021c07c68000 JavaThread "Common-Cleaner" daemon [_thread_blocked, id=14964, stack(0x000000b8ddb00000,0x000000b8ddc00000)]
=>0x0000021c08758000 JavaThread "LWJGL Application" [_thread_in_native, id=4776, stack(0x000000b8dde00000,0x000000b8ddf00000)]
  0x0000021c6a8b1000 JavaThread "DestroyJavaVM" [_thread_blocked, id=16204, stack(0x000000b8dcb00000,0x000000b8dcc00000)]
  0x0000021c10cd8800 JavaThread "AssetManager" daemon [_thread_blocked, id=15500, stack(0x000000b8de600000,0x000000b8de700000)]
  0x0000021c10dbb800 JavaThread "LWJGL Timer" daemon [_thread_blocked, id=13644, stack(0x000000b8de900000,0x000000b8dea00000)]

Other Threads:
  0x0000021c071c7000 VMThread "VM Thread" [stack: 0x000000b8dd100000,0x000000b8dd200000] [id=13112]
  0x0000021c07c75800 WatcherThread [stack: 0x000000b8dda00000,0x000000b8ddb00000] [id=3524]
  0x0000021c6a8ca000 GCTaskThread "GC Thread#0" [stack: 0x000000b8dcc00000,0x000000b8dcd00000] [id=8784]
  0x0000021c6a8f9800 ConcurrentGCThread "G1 Main Marker" [stack: 0x000000b8dcd00000,0x000000b8dce00000] [id=3164]
  0x0000021c6a8fb000 ConcurrentGCThread "G1 Conc#0" [stack: 0x000000b8dce00000,0x000000b8dcf00000] [id=9620]
  0x0000021c6a97e000 ConcurrentGCThread "G1 Refine#0" [stack: 0x000000b8dcf00000,0x000000b8dd000000] [id=8268]
  0x0000021c07056800 ConcurrentGCThread "G1 Young RemSet Sampling" [stack: 0x000000b8dd000000,0x000000b8dd100000] [id=3884]

Threads with active compile tasks:

VM state:not at safepoint (normal execution)

VM Mutex/Monitor currently owned by a thread: None

Heap address: 0x0000000081e00000, size: 2018 MB, Compressed Oops mode: 32-bit
Narrow klass base: 0x0000000800000000, Narrow klass shift: 3
Compressed class space size: 1073741824 Address: 0x0000000840000000

Heap:
 garbage-first heap   total 131072K, used 21504K [0x0000000081e00000, 0x0000000100000000)
  region size 1024K, 23 young (23552K), 0 survivors (0K)
 Metaspace       used 6844K, capacity 9138K, committed 9344K, reserved 1058816K
  class space    used 549K, capacity 775K, committed 896K, reserved 1048576K
Heap Regions: E=young(eden), S=young(survivor), O=old, HS=humongous(starts), HC=humongous(continues), CS=collection set, F=free, A=archive, TAMS=top-at-mark-start (previous, next)
|   0|0x0000000081e00000, 0x0000000081e00000, 0x0000000081f00000|  0%| F|  |TAMS 0x0000000081e00000, 0x0000000081e00000| Untracked 
|   1|0x0000000081f00000, 0x0000000081f00000, 0x0000000082000000|  0%| F|  |TAMS 0x0000000081f00000, 0x0000000081f00000| Untracked 
|   2|0x0000000082000000, 0x0000000082000000, 0x0000000082100000|  0%| F|  |TAMS 0x0000000082000000, 0x0000000082000000| Untracked 
|   3|0x0000000082100000, 0x0000000082100000, 0x0000000082200000|  0%| F|  |TAMS 0x0000000082100000, 0x0000000082100000| Untracked 
|   4|0x0000000082200000, 0x0000000082200000, 0x0000000082300000|  0%| F|  |TAMS 0x0000000082200000, 0x0000000082200000| Untracked 
|   5|0x0000000082300000, 0x0000000082300000, 0x0000000082400000|  0%| F|  |TAMS 0x0000000082300000, 0x0000000082300000| Untracked 
|   6|0x0000000082400000, 0x0000000082400000, 0x0000000082500000|  0%| F|  |TAMS 0x0000000082400000, 0x0000000082400000| Untracked 
|   7|0x0000000082500000, 0x0000000082500000, 0x0000000082600000|  0%| F|  |TAMS 0x0000000082500000, 0x0000000082500000| Untracked 
|   8|0x0000000082600000, 0x0000000082600000, 0x0000000082700000|  0%| F|  |TAMS 0x0000000082600000, 0x0000000082600000| Untracked 
|   9|0x0000000082700000, 0x0000000082700000, 0x0000000082800000|  0%| F|  |TAMS 0x0000000082700000, 0x0000000082700000| Untracked 
|  10|0x0000000082800000, 0x0000000082800000, 0x0000000082900000|  0%| F|  |TAMS 0x0000000082800000, 0x0000000082800000| Untracked 
|  11|0x0000000082900000, 0x0000000082900000, 0x0000000082a00000|  0%| F|  |TAMS 0x0000000082900000, 0x0000000082900000| Untracked 
|  12|0x0000000082a00000, 0x0000000082a00000, 0x0000000082b00000|  0%| F|  |TAMS 0x0000000082a00000, 0x0000000082a00000| Untracked 
|  13|0x0000000082b00000, 0x0000000082b00000, 0x0000000082c00000|  0%| F|  |TAMS 0x0000000082b00000, 0x0000000082b00000| Untracked 
|  14|0x0000000082c00000, 0x0000000082c00000, 0x0000000082d00000|  0%| F|  |TAMS 0x0000000082c00000, 0x0000000082c00000| Untracked 
|  15|0x0000000082d00000, 0x0000000082d00000, 0x0000000082e00000|  0%| F|  |TAMS 0x0000000082d00000, 0x0000000082d00000| Untracked 
|  16|0x0000000082e00000, 0x0000000082e00000, 0x0000000082f00000|  0%| F|  |TAMS 0x0000000082e00000, 0x0000000082e00000| Untracked 
|  17|0x0000000082f00000, 0x0000000082f00000, 0x0000000083000000|  0%| F|  |TAMS 0x0000000082f00000, 0x0000000082f00000| Untracked 
|  18|0x0000000083000000, 0x0000000083000000, 0x0000000083100000|  0%| F|  |TAMS 0x0000000083000000, 0x0000000083000000| Untracked 
|  19|0x0000000083100000, 0x0000000083100000, 0x0000000083200000|  0%| F|  |TAMS 0x0000000083100000, 0x0000000083100000| Untracked 
|  20|0x0000000083200000, 0x0000000083200000, 0x0000000083300000|  0%| F|  |TAMS 0x0000000083200000, 0x0000000083200000| Untracked 
|  21|0x0000000083300000, 0x0000000083300000, 0x0000000083400000|  0%| F|  |TAMS 0x0000000083300000, 0x0000000083300000| Untracked 
|  22|0x0000000083400000, 0x0000000083400000, 0x0000000083500000|  0%| F|  |TAMS 0x0000000083400000, 0x0000000083400000| Untracked 
|  23|0x0000000083500000, 0x0000000083500000, 0x0000000083600000|  0%| F|  |TAMS 0x0000000083500000, 0x0000000083500000| Untracked 
|  24|0x0000000083600000, 0x0000000083600000, 0x0000000083700000|  0%| F|  |TAMS 0x0000000083600000, 0x0000000083600000| Untracked 
|  25|0x0000000083700000, 0x0000000083700000, 0x0000000083800000|  0%| F|  |TAMS 0x0000000083700000, 0x0000000083700000| Untracked 
|  26|0x0000000083800000, 0x0000000083800000, 0x0000000083900000|  0%| F|  |TAMS 0x0000000083800000, 0x0000000083800000| Untracked 
|  27|0x0000000083900000, 0x0000000083900000, 0x0000000083a00000|  0%| F|  |TAMS 0x0000000083900000, 0x0000000083900000| Untracked 
|  28|0x0000000083a00000, 0x0000000083a00000, 0x0000000083b00000|  0%| F|  |TAMS 0x0000000083a00000, 0x0000000083a00000| Untracked 
|  29|0x0000000083b00000, 0x0000000083b00000, 0x0000000083c00000|  0%| F|  |TAMS 0x0000000083b00000, 0x0000000083b00000| Untracked 
|  30|0x0000000083c00000, 0x0000000083c00000, 0x0000000083d00000|  0%| F|  |TAMS 0x0000000083c00000, 0x0000000083c00000| Untracked 
|  31|0x0000000083d00000, 0x0000000083d00000, 0x0000000083e00000|  0%| F|  |TAMS 0x0000000083d00000, 0x0000000083d00000| Untracked 
|  32|0x0000000083e00000, 0x0000000083e00000, 0x0000000083f00000|  0%| F|  |TAMS 0x0000000083e00000, 0x0000000083e00000| Untracked 
|  33|0x0000000083f00000, 0x0000000083f00000, 0x0000000084000000|  0%| F|  |TAMS 0x0000000083f00000, 0x0000000083f00000| Untracked 
|  34|0x0000000084000000, 0x0000000084000000, 0x0000000084100000|  0%| F|  |TAMS 0x0000000084000000, 0x0000000084000000| Untracked 
|  35|0x0000000084100000, 0x0000000084100000, 0x0000000084200000|  0%| F|  |TAMS 0x0000000084100000, 0x0000000084100000| Untracked 
|  36|0x0000000084200000, 0x0000000084200000, 0x0000000084300000|  0%| F|  |TAMS 0x0000000084200000, 0x0000000084200000| Untracked 
|  37|0x0000000084300000, 0x0000000084300000, 0x0000000084400000|  0%| F|  |TAMS 0x0000000084300000, 0x0000000084300000| Untracked 
|  38|0x0000000084400000, 0x0000000084400000, 0x0000000084500000|  0%| F|  |TAMS 0x0000000084400000, 0x0000000084400000| Untracked 
|  39|0x0000000084500000, 0x0000000084500000, 0x0000000084600000|  0%| F|  |TAMS 0x0000000084500000, 0x0000000084500000| Untracked 
|  40|0x0000000084600000, 0x0000000084600000, 0x0000000084700000|  0%| F|  |TAMS 0x0000000084600000, 0x0000000084600000| Untracked 
|  41|0x0000000084700000, 0x0000000084700000, 0x0000000084800000|  0%| F|  |TAMS 0x0000000084700000, 0x0000000084700000| Untracked 
|  42|0x0000000084800000, 0x0000000084800000, 0x0000000084900000|  0%| F|  |TAMS 0x0000000084800000, 0x0000000084800000| Untracked 
|  43|0x0000000084900000, 0x0000000084900000, 0x0000000084a00000|  0%| F|  |TAMS 0x0000000084900000, 0x0000000084900000| Untracked 
|  44|0x0000000084a00000, 0x0000000084a00000, 0x0000000084b00000|  0%| F|  |TAMS 0x0000000084a00000, 0x0000000084a00000| Untracked 
|  45|0x0000000084b00000, 0x0000000084b00000, 0x0000000084c00000|  0%| F|  |TAMS 0x0000000084b00000, 0x0000000084b00000| Untracked 
|  46|0x0000000084c00000, 0x0000000084c00000, 0x0000000084d00000|  0%| F|  |TAMS 0x0000000084c00000, 0x0000000084c00000| Untracked 
|  47|0x0000000084d00000, 0x0000000084d00000, 0x0000000084e00000|  0%| F|  |TAMS 0x0000000084d00000, 0x0000000084d00000| Untracked 
|  48|0x0000000084e00000, 0x0000000084e00000, 0x0000000084f00000|  0%| F|  |TAMS 0x0000000084e00000, 0x0000000084e00000| Untracked 
|  49|0x0000000084f00000, 0x0000000084f00000, 0x0000000085000000|  0%| F|  |TAMS 0x0000000084f00000, 0x0000000084f00000| Untracked 
|  50|0x0000000085000000, 0x0000000085000000, 0x0000000085100000|  0%| F|  |TAMS 0x0000000085000000, 0x0000000085000000| Untracked 
|  51|0x0000000085100000, 0x0000000085100000, 0x0000000085200000|  0%| F|  |TAMS 0x0000000085100000, 0x0000000085100000| Untracked 
|  52|0x0000000085200000, 0x0000000085200000, 0x0000000085300000|  0%| F|  |TAMS 0x0000000085200000, 0x0000000085200000| Untracked 
|  53|0x0000000085300000, 0x0000000085300000, 0x0000000085400000|  0%| F|  |TAMS 0x0000000085300000, 0x0000000085300000| Untracked 
|  54|0x0000000085400000, 0x0000000085400000, 0x0000000085500000|  0%| F|  |TAMS 0x0000000085400000, 0x0000000085400000| Untracked 
|  55|0x0000000085500000, 0x0000000085500000, 0x0000000085600000|  0%| F|  |TAMS 0x0000000085500000, 0x0000000085500000| Untracked 
|  56|0x0000000085600000, 0x0000000085600000, 0x0000000085700000|  0%| F|  |TAMS 0x0000000085600000, 0x0000000085600000| Untracked 
|  57|0x0000000085700000, 0x0000000085700000, 0x0000000085800000|  0%| F|  |TAMS 0x0000000085700000, 0x0000000085700000| Untracked 
|  58|0x0000000085800000, 0x0000000085800000, 0x0000000085900000|  0%| F|  |TAMS 0x0000000085800000, 0x0000000085800000| Untracked 
|  59|0x0000000085900000, 0x0000000085900000, 0x0000000085a00000|  0%| F|  |TAMS 0x0000000085900000, 0x0000000085900000| Untracked 
|  60|0x0000000085a00000, 0x0000000085a00000, 0x0000000085b00000|  0%| F|  |TAMS 0x0000000085a00000, 0x0000000085a00000| Untracked 
|  61|0x0000000085b00000, 0x0000000085b00000, 0x0000000085c00000|  0%| F|  |TAMS 0x0000000085b00000, 0x0000000085b00000| Untracked 
|  62|0x0000000085c00000, 0x0000000085c00000, 0x0000000085d00000|  0%| F|  |TAMS 0x0000000085c00000, 0x0000000085c00000| Untracked 
|  63|0x0000000085d00000, 0x0000000085d00000, 0x0000000085e00000|  0%| F|  |TAMS 0x0000000085d00000, 0x0000000085d00000| Untracked 
|  64|0x0000000085e00000, 0x0000000085e00000, 0x0000000085f00000|  0%| F|  |TAMS 0x0000000085e00000, 0x0000000085e00000| Untracked 
|  65|0x0000000085f00000, 0x0000000085f00000, 0x0000000086000000|  0%| F|  |TAMS 0x0000000085f00000, 0x0000000085f00000| Untracked 
|  66|0x0000000086000000, 0x0000000086000000, 0x0000000086100000|  0%| F|  |TAMS 0x0000000086000000, 0x0000000086000000| Untracked 
|  67|0x0000000086100000, 0x0000000086100000, 0x0000000086200000|  0%| F|  |TAMS 0x0000000086100000, 0x0000000086100000| Untracked 
|  68|0x0000000086200000, 0x0000000086200000, 0x0000000086300000|  0%| F|  |TAMS 0x0000000086200000, 0x0000000086200000| Untracked 
|  69|0x0000000086300000, 0x0000000086300000, 0x0000000086400000|  0%| F|  |TAMS 0x0000000086300000, 0x0000000086300000| Untracked 
|  70|0x0000000086400000, 0x0000000086400000, 0x0000000086500000|  0%| F|  |TAMS 0x0000000086400000, 0x0000000086400000| Untracked 
|  71|0x0000000086500000, 0x0000000086500000, 0x0000000086600000|  0%| F|  |TAMS 0x0000000086500000, 0x0000000086500000| Untracked 
|  72|0x0000000086600000, 0x0000000086600000, 0x0000000086700000|  0%| F|  |TAMS 0x0000000086600000, 0x0000000086600000| Untracked 
|  73|0x0000000086700000, 0x0000000086700000, 0x0000000086800000|  0%| F|  |TAMS 0x0000000086700000, 0x0000000086700000| Untracked 
|  74|0x0000000086800000, 0x0000000086800000, 0x0000000086900000|  0%| F|  |TAMS 0x0000000086800000, 0x0000000086800000| Untracked 
|  75|0x0000000086900000, 0x0000000086900000, 0x0000000086a00000|  0%| F|  |TAMS 0x0000000086900000, 0x0000000086900000| Untracked 
|  76|0x0000000086a00000, 0x0000000086a00000, 0x0000000086b00000|  0%| F|  |TAMS 0x0000000086a00000, 0x0000000086a00000| Untracked 
|  77|0x0000000086b00000, 0x0000000086b00000, 0x0000000086c00000|  0%| F|  |TAMS 0x0000000086b00000, 0x0000000086b00000| Untracked 
|  78|0x0000000086c00000, 0x0000000086c00000, 0x0000000086d00000|  0%| F|  |TAMS 0x0000000086c00000, 0x0000000086c00000| Untracked 
|  79|0x0000000086d00000, 0x0000000086d00000, 0x0000000086e00000|  0%| F|  |TAMS 0x0000000086d00000, 0x0000000086d00000| Untracked 
|  80|0x0000000086e00000, 0x0000000086e00000, 0x0000000086f00000|  0%| F|  |TAMS 0x0000000086e00000, 0x0000000086e00000| Untracked 
|  81|0x0000000086f00000, 0x0000000086f00000, 0x0000000087000000|  0%| F|  |TAMS 0x0000000086f00000, 0x0000000086f00000| Untracked 
|  82|0x0000000087000000, 0x0000000087000000, 0x0000000087100000|  0%| F|  |TAMS 0x0000000087000000, 0x0000000087000000| Untracked 
|  83|0x0000000087100000, 0x0000000087100000, 0x0000000087200000|  0%| F|  |TAMS 0x0000000087100000, 0x0000000087100000| Untracked 
|  84|0x0000000087200000, 0x0000000087200000, 0x0000000087300000|  0%| F|  |TAMS 0x0000000087200000, 0x0000000087200000| Untracked 
|  85|0x0000000087300000, 0x0000000087300000, 0x0000000087400000|  0%| F|  |TAMS 0x0000000087300000, 0x0000000087300000| Untracked 
|  86|0x0000000087400000, 0x0000000087400000, 0x0000000087500000|  0%| F|  |TAMS 0x0000000087400000, 0x0000000087400000| Untracked 
|  87|0x0000000087500000, 0x0000000087500000, 0x0000000087600000|  0%| F|  |TAMS 0x0000000087500000, 0x0000000087500000| Untracked 
|  88|0x0000000087600000, 0x0000000087600000, 0x0000000087700000|  0%| F|  |TAMS 0x0000000087600000, 0x0000000087600000| Untracked 
|  89|0x0000000087700000, 0x0000000087700000, 0x0000000087800000|  0%| F|  |TAMS 0x0000000087700000, 0x0000000087700000| Untracked 
|  90|0x0000000087800000, 0x0000000087800000, 0x0000000087900000|  0%| F|  |TAMS 0x0000000087800000, 0x0000000087800000| Untracked 
|  91|0x0000000087900000, 0x0000000087900000, 0x0000000087a00000|  0%| F|  |TAMS 0x0000000087900000, 0x0000000087900000| Untracked 
|  92|0x0000000087a00000, 0x0000000087a00000, 0x0000000087b00000|  0%| F|  |TAMS 0x0000000087a00000, 0x0000000087a00000| Untracked 
|  93|0x0000000087b00000, 0x0000000087b00000, 0x0000000087c00000|  0%| F|  |TAMS 0x0000000087b00000, 0x0000000087b00000| Untracked 
|  94|0x0000000087c00000, 0x0000000087c00000, 0x0000000087d00000|  0%| F|  |TAMS 0x0000000087c00000, 0x0000000087c00000| Untracked 
|  95|0x0000000087d00000, 0x0000000087d00000, 0x0000000087e00000|  0%| F|  |TAMS 0x0000000087d00000, 0x0000000087d00000| Untracked 
|  96|0x0000000087e00000, 0x0000000087e00000, 0x0000000087f00000|  0%| F|  |TAMS 0x0000000087e00000, 0x0000000087e00000| Untracked 
|  97|0x0000000087f00000, 0x0000000087f00000, 0x0000000088000000|  0%| F|  |TAMS 0x0000000087f00000, 0x0000000087f00000| Untracked 
|  98|0x0000000088000000, 0x0000000088000000, 0x0000000088100000|  0%| F|  |TAMS 0x0000000088000000, 0x0000000088000000| Untracked 
|  99|0x0000000088100000, 0x0000000088100000, 0x0000000088200000|  0%| F|  |TAMS 0x0000000088100000, 0x0000000088100000| Untracked 
| 100|0x0000000088200000, 0x0000000088200000, 0x0000000088300000|  0%| F|  |TAMS 0x0000000088200000, 0x0000000088200000| Untracked 
| 101|0x0000000088300000, 0x0000000088300000, 0x0000000088400000|  0%| F|  |TAMS 0x0000000088300000, 0x0000000088300000| Untracked 
| 102|0x0000000088400000, 0x0000000088400000, 0x0000000088500000|  0%| F|  |TAMS 0x0000000088400000, 0x0000000088400000| Untracked 
| 103|0x0000000088500000, 0x0000000088500000, 0x0000000088600000|  0%| F|  |TAMS 0x0000000088500000, 0x0000000088500000| Untracked 
| 104|0x0000000088600000, 0x0000000088600000, 0x0000000088700000|  0%| F|  |TAMS 0x0000000088600000, 0x0000000088600000| Untracked 
| 105|0x0000000088700000, 0x000000008877d620, 0x0000000088800000| 48%| E|  |TAMS 0x0000000088700000, 0x0000000088700000| Complete 
| 106|0x0000000088800000, 0x0000000088900000, 0x0000000088900000|100%| E|CS|TAMS 0x0000000088800000, 0x0000000088800000| Complete 
| 107|0x0000000088900000, 0x0000000088a00000, 0x0000000088a00000|100%| E|  |TAMS 0x0000000088900000, 0x0000000088900000| Complete 
| 108|0x0000000088a00000, 0x0000000088b00000, 0x0000000088b00000|100%| E|CS|TAMS 0x0000000088a00000, 0x0000000088a00000| Complete 
| 109|0x0000000088b00000, 0x0000000088c00000, 0x0000000088c00000|100%| E|CS|TAMS 0x0000000088b00000, 0x0000000088b00000| Complete 
| 110|0x0000000088c00000, 0x0000000088d00000, 0x0000000088d00000|100%| E|CS|TAMS 0x0000000088c00000, 0x0000000088c00000| Complete 
| 111|0x0000000088d00000, 0x0000000088e00000, 0x0000000088e00000|100%| E|CS|TAMS 0x0000000088d00000, 0x0000000088d00000| Complete 
| 112|0x0000000088e00000, 0x0000000088f00000, 0x0000000088f00000|100%| E|CS|TAMS 0x0000000088e00000, 0x0000000088e00000| Complete 
| 113|0x0000000088f00000, 0x0000000089000000, 0x0000000089000000|100%| E|CS|TAMS 0x0000000088f00000, 0x0000000088f00000| Complete 
| 114|0x0000000089000000, 0x0000000089100000, 0x0000000089100000|100%| E|CS|TAMS 0x0000000089000000, 0x0000000089000000| Complete 
| 115|0x0000000089100000, 0x0000000089200000, 0x0000000089200000|100%| E|CS|TAMS 0x0000000089100000, 0x0000000089100000| Complete 
| 116|0x0000000089200000, 0x0000000089300000, 0x0000000089300000|100%| E|CS|TAMS 0x0000000089200000, 0x0000000089200000| Complete 
| 117|0x0000000089300000, 0x0000000089400000, 0x0000000089400000|100%| E|CS|TAMS 0x0000000089300000, 0x0000000089300000| Complete 
| 118|0x0000000089400000, 0x0000000089500000, 0x0000000089500000|100%| E|CS|TAMS 0x0000000089400000, 0x0000000089400000| Complete 
| 119|0x0000000089500000, 0x0000000089600000, 0x0000000089600000|100%| E|CS|TAMS 0x0000000089500000, 0x0000000089500000| Complete 
| 120|0x0000000089600000, 0x0000000089700000, 0x0000000089700000|100%| E|CS|TAMS 0x0000000089600000, 0x0000000089600000| Complete 
| 121|0x0000000089700000, 0x0000000089800000, 0x0000000089800000|100%| E|CS|TAMS 0x0000000089700000, 0x0000000089700000| Complete 
| 122|0x0000000089800000, 0x0000000089900000, 0x0000000089900000|100%| E|CS|TAMS 0x0000000089800000, 0x0000000089800000| Complete 
| 123|0x0000000089900000, 0x0000000089a00000, 0x0000000089a00000|100%| E|CS|TAMS 0x0000000089900000, 0x0000000089900000| Complete 
| 124|0x0000000089a00000, 0x0000000089b00000, 0x0000000089b00000|100%| E|CS|TAMS 0x0000000089a00000, 0x0000000089a00000| Complete 
| 125|0x0000000089b00000, 0x0000000089c00000, 0x0000000089c00000|100%| E|CS|TAMS 0x0000000089b00000, 0x0000000089b00000| Complete 
| 126|0x0000000089c00000, 0x0000000089d00000, 0x0000000089d00000|100%| E|CS|TAMS 0x0000000089c00000, 0x0000000089c00000| Complete 
| 127|0x0000000089d00000, 0x0000000089e00000, 0x0000000089e00000|100%| E|CS|TAMS 0x0000000089d00000, 0x0000000089d00000| Complete 

Card table byte_map: [0x0000021c00000000,0x0000021c00400000] _byte_map_base: 0x0000021bffbf1000

Marking Bits (Prev, Next): (CMBitMap*) 0x0000021c6a8f0d08, (CMBitMap*) 0x0000021c6a8f0d40
 Prev Bits: [0x0000021c00800000, 0x0000021c02788000)
 Next Bits: [0x0000021c02790000, 0x0000021c04718000)

Polling page: 0x0000021c6a980000

Metaspace:

Usage:
  Non-class:      8.17 MB capacity,     6.15 MB ( 75%) used,     2.01 MB ( 25%) free+waste,     7.50 KB ( <1%) overhead. 
      Class:    775.00 KB capacity,   549.11 KB ( 71%) used,   223.02 KB ( 29%) free+waste,     2.88 KB ( <1%) overhead. 
       Both:      8.92 MB capacity,     6.68 MB ( 75%) used,     2.23 MB ( 25%) free+waste,    10.38 KB ( <1%) overhead. 

Virtual space:
  Non-class space:       10.00 MB reserved,       8.25 MB ( 83%) committed 
      Class space:        1.00 GB reserved,     896.00 KB ( <1%) committed 
             Both:        1.01 GB reserved,       9.13 MB ( <1%) committed 

Chunk freelists:
   Non-Class:  85.00 KB
       Class:  25.00 KB
        Both:  110.00 KB

MaxMetaspaceSize: 17179869184.00 GB
CompressedClassSpaceSize: 1.00 GB

CodeHeap 'non-profiled nmethods': size=120000Kb used=588Kb max_used=588Kb free=119411Kb
 bounds [0x0000021c77c50000, 0x0000021c77ec0000, 0x0000021c7f180000]
CodeHeap 'profiled nmethods': size=120000Kb used=2662Kb max_used=2662Kb free=117337Kb
 bounds [0x0000021c70720000, 0x0000021c709c0000, 0x0000021c77c50000]
CodeHeap 'non-nmethods': size=5760Kb used=1210Kb max_used=1225Kb free=4549Kb
 bounds [0x0000021c70180000, 0x0000021c703f0000, 0x0000021c70720000]
 total_blobs=2473 nmethods=1263 adapters=487
 compilation: enabled
              stopped_count=0, restarted_count=0
 full_count=0

Compilation events (20 events):
Event: 4.005 Thread 0x0000021c071e5800 nmethod 1253 0x0000021c77cdaf10 code [0x0000021c77cdb0a0, 0x0000021c77cdb1b8]
Event: 4.037 Thread 0x0000021c071e5800 1254       4       java.nio.Buffer::limit (74 bytes)
Event: 4.038 Thread 0x0000021c071e5800 nmethod 1254 0x0000021c77cdb310 code [0x0000021c77cdb4a0, 0x0000021c77cdb598]
Event: 4.103 Thread 0x0000021c071e5800 1255       4       com.badlogic.gdx.utils.LongMap$Values::hasNext (22 bytes)
Event: 4.104 Thread 0x0000021c071e5800 nmethod 1255 0x0000021c77cdb690 code [0x0000021c77cdb820, 0x0000021c77cdb8b8]
Event: 4.136 Thread 0x0000021c071e5800 1256       4       com.badlogic.gdx.utils.LongMap$Values::next (78 bytes)
Event: 4.141 Thread 0x0000021c071e5800 nmethod 1256 0x0000021c77cdb990 code [0x0000021c77cdbb20, 0x0000021c77cdbdb8]
Event: 4.170 Thread 0x0000021c071e5800 1257       4       com.badlogic.gdx.physics.box2d.Box2DDebugRenderer::renderBody (102 bytes)
Event: 4.177 Thread 0x0000021c071e5800 nmethod 1257 0x0000021c77cdbf10 code [0x0000021c77cdc140, 0x0000021c77cdc770]
Event: 4.221 Thread 0x0000021c071e5800 1258       4       jdk.internal.jimage.ImageLocation::decompress (153 bytes)
Event: 4.225 Thread 0x0000021c071ea800 1259       3       javazoom.jl.decoder.LayerIIIDecoder::huffman_decode (738 bytes)
Event: 4.225 Thread 0x0000021c071e5800 nmethod 1258 0x0000021c77cdce90 code [0x0000021c77cdd040, 0x0000021c77cdd2f8]
Event: 4.226 Thread 0x0000021c071ea800 nmethod 1259 0x0000021c709b4890 code [0x0000021c709b4b80, 0x0000021c709b5b20]
Event: 4.226 Thread 0x0000021c071ea800 1262       3       javazoom.jl.decoder.OutputBuffer::appendSamples (81 bytes)
Event: 4.226 Thread 0x0000021c071ea800 nmethod 1262 0x0000021c709b6710 code [0x0000021c709b6980, 0x0000021c709b7120]
Event: 4.226 Thread 0x0000021c071ea800 1260       3       javazoom.jl.decoder.LayerIIIDecoder::decode (572 bytes)
Event: 4.227 Thread 0x0000021c071ea800 nmethod 1260 0x0000021c709b7390 code [0x0000021c709b7740, 0x0000021c709b8a50]
Event: 4.227 Thread 0x0000021c071ea800 1261       2       javazoom.jl.decoder.OutputBuffer::clip (30 bytes)
Event: 4.227 Thread 0x0000021c071ea800 nmethod 1261 0x0000021c709b9410 code [0x0000021c709b9600, 0x0000021c709b9838]
Event: 4.228 Thread 0x0000021c071e5800 1263 %     4       javazoom.jl.decoder.LayerIIIDecoder::antialias @ 90 (198 bytes)

GC Heap History (0 events):
No events

Deoptimization events (20 events):
Event: 4.225 Thread 0x0000021c08758000 DEOPT PACKING pc=0x0000021c77c822c8 sp=0x000000b8ddefe6b0
Event: 4.225 Thread 0x0000021c08758000 DEOPT UNPACKING pc=0x0000021c701a922f sp=0x000000b8ddefe650 mode 2
Event: 4.225 Thread 0x0000021c08758000 Uncommon trap: trap_request=0xffffff4d fr.pc=0x0000021c77c8d3a4 relative=0x0000000000001c44
Event: 4.225 Thread 0x0000021c08758000 Uncommon trap: reason=unstable_if action=reinterpret pc=0x0000021c77c8d3a4 method=javazoom.jl.decoder.OutputBuffer.clip(F)S @ 4 c2
Event: 4.225 Thread 0x0000021c08758000 DEOPT PACKING pc=0x0000021c77c8d3a4 sp=0x000000b8ddefe880
Event: 4.225 Thread 0x0000021c08758000 DEOPT UNPACKING pc=0x0000021c701a922f sp=0x000000b8ddefe660 mode 2
Event: 4.225 Thread 0x0000021c08758000 Uncommon trap: trap_request=0xffffff4d fr.pc=0x0000021c77c84500 relative=0x00000000000003a0
Event: 4.225 Thread 0x0000021c08758000 Uncommon trap: reason=unstable_if action=reinterpret pc=0x0000021c77c84500 method=javazoom.jl.decoder.OutputBuffer.clip(F)S @ 17 c2
Event: 4.225 Thread 0x0000021c08758000 DEOPT PACKING pc=0x0000021c77c84500 sp=0x000000b8ddefe7a0
Event: 4.225 Thread 0x0000021c08758000 DEOPT UNPACKING pc=0x0000021c701a922f sp=0x000000b8ddefe6d0 mode 2
Event: 4.227 Thread 0x0000021c08758000 DEOPT PACKING pc=0x0000021c709b59e5 sp=0x000000b8ddefe7a0
Event: 4.227 Thread 0x0000021c08758000 DEOPT UNPACKING pc=0x0000021c701a904e sp=0x000000b8ddefdc60 mode 0
Event: 4.227 Thread 0x0000021c08758000 DEOPT PACKING pc=0x0000021c7087949e sp=0x000000b8ddefe810
Event: 4.227 Thread 0x0000021c08758000 DEOPT UNPACKING pc=0x0000021c701a904e sp=0x000000b8ddefdca8 mode 0
Event: 4.230 Thread 0x0000021c08758000 DEOPT PACKING pc=0x0000021c709b59e5 sp=0x000000b8ddefe7d0
Event: 4.230 Thread 0x0000021c08758000 DEOPT UNPACKING pc=0x0000021c701a904e sp=0x000000b8ddefdc78 mode 0
Event: 4.230 Thread 0x0000021c08758000 Uncommon trap: trap_request=0xffffff4d fr.pc=0x0000021c77cdb17c relative=0x00000000000000dc
Event: 4.230 Thread 0x0000021c08758000 Uncommon trap: reason=unstable_if action=reinterpret pc=0x0000021c77cdb17c method=com.badlogic.gdx.utils.Array.iterator()Ljava/util/Iterator; @ 20 c2
Event: 4.230 Thread 0x0000021c08758000 DEOPT PACKING pc=0x0000021c77cdb17c sp=0x000000b8ddefeae0
Event: 4.230 Thread 0x0000021c08758000 DEOPT UNPACKING pc=0x0000021c701a922f sp=0x000000b8ddefea80 mode 2

Classes redefined (0 events):
No events

Internal exceptions (10 events):
Event: 0.160 Thread 0x0000021c6a8b1000 Exception <a 'java/lang/NoSuchMethodError'{0x0000000089a1a7d8}: 'java.lang.Object java.lang.invoke.DirectMethodHandle$Holder.invokeStaticInit(java.lang.Object, int, int, int, int)'> (0x0000000089a1a7d8) thrown at [c:/BuildAgent/work/5ff2f6c26000d570/src/h
Event: 0.356 Thread 0x0000021c6a8b1000 Exception <a 'java/lang/NoSuchMethodError'{0x0000000089a5c040}: 'java.lang.Object java.lang.invoke.DirectMethodHandle$Holder.invokeStaticInit(java.lang.Object, java.lang.Object, int, int, int, int)'> (0x0000000089a5c040) thrown at [c:/BuildAgent/work/5ff2
Event: 0.382 Thread 0x0000021c6a8b1000 Exception <a 'java/security/PrivilegedActionException'{0x0000000089ae78a8}> (0x0000000089ae78a8) thrown at [c:/BuildAgent/work/5ff2f6c26000d570/src/hotspot/share/prims/jvm.cpp, line 1297]
Event: 0.383 Thread 0x0000021c6a8b1000 Exception <a 'java/security/PrivilegedActionException'{0x0000000089aea088}> (0x0000000089aea088) thrown at [c:/BuildAgent/work/5ff2f6c26000d570/src/hotspot/share/prims/jvm.cpp, line 1297]
Event: 0.383 Thread 0x0000021c6a8b1000 Exception <a 'java/security/PrivilegedActionException'{0x0000000089aeb040}> (0x0000000089aeb040) thrown at [c:/BuildAgent/work/5ff2f6c26000d570/src/hotspot/share/prims/jvm.cpp, line 1297]
Event: 0.386 Thread 0x0000021c6a8b1000 Exception <a 'java/security/PrivilegedActionException'{0x0000000089afc950}> (0x0000000089afc950) thrown at [c:/BuildAgent/work/5ff2f6c26000d570/src/hotspot/share/prims/jvm.cpp, line 1297]
Event: 0.386 Thread 0x0000021c6a8b1000 Exception <a 'java/security/PrivilegedActionException'{0x0000000089afd510}> (0x0000000089afd510) thrown at [c:/BuildAgent/work/5ff2f6c26000d570/src/hotspot/share/prims/jvm.cpp, line 1297]
Event: 0.386 Thread 0x0000021c6a8b1000 Exception <a 'java/security/PrivilegedActionException'{0x0000000089afe090}> (0x0000000089afe090) thrown at [c:/BuildAgent/work/5ff2f6c26000d570/src/hotspot/share/prims/jvm.cpp, line 1297]
Event: 2.559 Thread 0x0000021c08758000 Exception <a 'java/lang/NoSuchMethodError'{0x0000000088d10b80}: 'int java.lang.invoke.DirectMethodHandle$Holder.invokeSpecialIFC(java.lang.Object, java.lang.Object, int)'> (0x0000000088d10b80) thrown at [c:/BuildAgent/work/5ff2f6c26000d570/src/hotspot/sha
Event: 4.230 Thread 0x0000021c08758000 Implicit null exception at 0x0000021c77cdb0f4 to 0x0000021c77cdb16a

Events (20 events):
Event: 3.657 Loaded shared library C:\Users\arsze\AppData\Local\Temp\libgdxarsze\1cecf4f6\lwjgl64.dll
Event: 3.660 Loaded shared library C:\Users\arsze\AppData\Local\Temp\libgdxarsze\1cecf4f6\lwjgl64.dll
Event: 3.662 Loaded shared library C:\Users\arsze\AppData\Local\Temp\libgdxarsze\1cecf4f6\lwjgl64.dll
Event: 3.665 Loaded shared library C:\Users\arsze\AppData\Local\Temp\libgdxarsze\1cecf4f6\lwjgl64.dll
Event: 3.772 Loaded shared library C:\Users\arsze\AppData\Local\Temp\libgdxarsze\1cecf4f6\lwjgl64.dll
Event: 3.775 Loaded shared library C:\Users\arsze\AppData\Local\Temp\libgdxarsze\1cecf4f6\lwjgl64.dll
Event: 3.777 Loaded shared library C:\Users\arsze\AppData\Local\Temp\libgdxarsze\1cecf4f6\lwjgl64.dll
Event: 3.780 Loaded shared library C:\Users\arsze\AppData\Local\Temp\libgdxarsze\1cecf4f6\lwjgl64.dll
Event: 3.789 Loaded shared library C:\Users\arsze\AppData\Local\Temp\libgdxarsze\1cecf4f6\lwjgl64.dll
Event: 3.792 Loaded shared library C:\Users\arsze\AppData\Local\Temp\libgdxarsze\1cecf4f6\lwjgl64.dll
Event: 3.794 Loaded shared library C:\Users\arsze\AppData\Local\Temp\libgdxarsze\1cecf4f6\lwjgl64.dll
Event: 3.797 Loaded shared library C:\Users\arsze\AppData\Local\Temp\libgdxarsze\1cecf4f6\lwjgl64.dll
Event: 4.204 Executing VM operation: RevokeBias
Event: 4.204 Executing VM operation: RevokeBias done
Event: 4.204 loading class com/kwojewod/contra/screens/GameOverScreen
Event: 4.204 loading class com/kwojewod/contra/screens/GameOverScreen done
Event: 4.224 Executing VM operation: RevokeBias
Event: 4.224 Executing VM operation: RevokeBias done
Event: 4.227 Executing VM operation: RevokeBias
Event: 4.227 Executing VM operation: RevokeBias done


Dynamic libraries:
0x00007ff7d7460000 - 0x00007ff7d746a000 	C:\Program Files\JetBrains\IntelliJ IDEA Community Edition 2019.3.4\jbr\bin\java.exe
0x00007ffec7860000 - 0x00007ffec7a50000 	C:\WINDOWS\SYSTEM32\ntdll.dll
0x00007ffec5d00000 - 0x00007ffec5db2000 	C:\WINDOWS\System32\KERNEL32.DLL
0x00007ffec4850000 - 0x00007ffec4af4000 	C:\WINDOWS\System32\KERNELBASE.dll
0x00007ffec4ec0000 - 0x00007ffec4fba000 	C:\WINDOWS\System32\ucrtbase.dll
0x00007ffe99f30000 - 0x00007ffe99f49000 	C:\Program Files\JetBrains\IntelliJ IDEA Community Edition 2019.3.4\jbr\bin\jli.dll
0x00007ffea11b0000 - 0x00007ffea11c7000 	C:\Program Files\JetBrains\IntelliJ IDEA Community Edition 2019.3.4\jbr\bin\VCRUNTIME140.dll
0x00007ffec6e20000 - 0x00007ffec6fb4000 	C:\WINDOWS\System32\USER32.dll
0x00007ffeb4420000 - 0x00007ffeb46a4000 	C:\WINDOWS\WinSxS\amd64_microsoft.windows.common-controls_6595b64144ccf1df_6.0.18362.900_none_e6beb9d913147d17\COMCTL32.dll
0x00007ffec7350000 - 0x00007ffec73ee000 	C:\WINDOWS\System32\msvcrt.dll
0x00007ffec4fc0000 - 0x00007ffec4fe1000 	C:\WINDOWS\System32\win32u.dll
0x00007ffec6360000 - 0x00007ffec6386000 	C:\WINDOWS\System32\GDI32.dll
0x00007ffec7470000 - 0x00007ffec77a5000 	C:\WINDOWS\System32\combase.dll
0x00007ffec5770000 - 0x00007ffec5905000 	C:\WINDOWS\System32\gdi32full.dll
0x00007ffec6540000 - 0x00007ffec6660000 	C:\WINDOWS\System32\RPCRT4.dll
0x00007ffec4c00000 - 0x00007ffec4c9e000 	C:\WINDOWS\System32\msvcp_win.dll
0x00007ffec4ca0000 - 0x00007ffec4d20000 	C:\WINDOWS\System32\bcryptPrimitives.dll
0x00007ffec6df0000 - 0x00007ffec6e1e000 	C:\WINDOWS\System32\IMM32.DLL
0x00007ffe8e8e0000 - 0x00007ffe8e97d000 	C:\Program Files\JetBrains\IntelliJ IDEA Community Edition 2019.3.4\jbr\bin\msvcp140.dll
0x00007ffe620c0000 - 0x00007ffe62b7d000 	C:\Program Files\JetBrains\IntelliJ IDEA Community Edition 2019.3.4\jbr\bin\server\jvm.dll
0x00007ffec5dc0000 - 0x00007ffec5e63000 	C:\WINDOWS\System32\ADVAPI32.dll
0x00007ffec6d50000 - 0x00007ffec6de7000 	C:\WINDOWS\System32\sechost.dll
0x00007ffec73f0000 - 0x00007ffec73f8000 	C:\WINDOWS\System32\PSAPI.DLL
0x00007ffec1080000 - 0x00007ffec1089000 	C:\WINDOWS\SYSTEM32\WSOCK32.dll
0x00007ffec2240000 - 0x00007ffec2264000 	C:\WINDOWS\SYSTEM32\WINMM.dll
0x00007ffebb750000 - 0x00007ffebb75a000 	C:\WINDOWS\SYSTEM32\VERSION.dll
0x00007ffec77b0000 - 0x00007ffec781f000 	C:\WINDOWS\System32\WS2_32.dll
0x00007ffec2030000 - 0x00007ffec205d000 	C:\WINDOWS\SYSTEM32\WINMMBASE.dll
0x00007ffec4bb0000 - 0x00007ffec4bfa000 	C:\WINDOWS\System32\cfgmgr32.dll
0x00007ffec4780000 - 0x00007ffec4791000 	C:\WINDOWS\System32\kernel.appcore.dll
0x00007ffead7e0000 - 0x00007ffead7f1000 	C:\Program Files\JetBrains\IntelliJ IDEA Community Edition 2019.3.4\jbr\bin\verify.dll
0x00007ffeafa40000 - 0x00007ffeafc34000 	C:\WINDOWS\SYSTEM32\DBGHELP.DLL
0x00007ffeaf910000 - 0x00007ffeaf93a000 	C:\WINDOWS\SYSTEM32\dbgcore.DLL
0x00007ffe99790000 - 0x00007ffe997b9000 	C:\Program Files\JetBrains\IntelliJ IDEA Community Edition 2019.3.4\jbr\bin\java.dll
0x00007ffead320000 - 0x00007ffead338000 	C:\Program Files\JetBrains\IntelliJ IDEA Community Edition 2019.3.4\jbr\bin\zip.dll
0x00007ffeb1f80000 - 0x00007ffeb1f8b000 	C:\Program Files\JetBrains\IntelliJ IDEA Community Edition 2019.3.4\jbr\bin\jimage.dll
0x00007ffec6660000 - 0x00007ffec6d46000 	C:\WINDOWS\System32\SHELL32.dll
0x00007ffec5ad0000 - 0x00007ffec5b79000 	C:\WINDOWS\System32\shcore.dll
0x00007ffec4ff0000 - 0x00007ffec5770000 	C:\WINDOWS\System32\windows.storage.dll
0x00007ffec4730000 - 0x00007ffec4753000 	C:\WINDOWS\System32\profapi.dll
0x00007ffec47a0000 - 0x00007ffec47ea000 	C:\WINDOWS\System32\powrprof.dll
0x00007ffec4720000 - 0x00007ffec4730000 	C:\WINDOWS\System32\UMPDC.dll
0x00007ffec5b80000 - 0x00007ffec5bd2000 	C:\WINDOWS\System32\shlwapi.dll
0x00007ffec4d20000 - 0x00007ffec4d37000 	C:\WINDOWS\System32\cryptsp.dll
0x00007ffeacef0000 - 0x00007ffeacf0a000 	C:\Program Files\JetBrains\IntelliJ IDEA Community Edition 2019.3.4\jbr\bin\net.dll
0x00007ffeb50e0000 - 0x00007ffeb51d0000 	C:\WINDOWS\SYSTEM32\WINHTTP.dll
0x00007ffec3f90000 - 0x00007ffec3ff7000 	C:\WINDOWS\system32\mswsock.dll
0x00007ffeab920000 - 0x00007ffeab934000 	C:\Program Files\JetBrains\IntelliJ IDEA Community Edition 2019.3.4\jbr\bin\nio.dll
0x0000000065ac0000 - 0x0000000065b0b000 	C:\Users\arsze\AppData\Local\Temp\libgdxarsze\7d76f548\gdx64.dll
0x00007ffec3b00000 - 0x00007ffec3b33000 	C:\WINDOWS\system32\rsaenh.dll
0x00007ffec4d40000 - 0x00007ffec4d66000 	C:\WINDOWS\System32\bcrypt.dll
0x00007ffec4640000 - 0x00007ffec4665000 	C:\WINDOWS\SYSTEM32\USERENV.dll
0x00007ffec4160000 - 0x00007ffec416c000 	C:\WINDOWS\SYSTEM32\CRYPTBASE.dll
0x00007ffec3ca0000 - 0x00007ffec3cda000 	C:\WINDOWS\SYSTEM32\IPHLPAPI.DLL
0x00007ffec6530000 - 0x00007ffec6538000 	C:\WINDOWS\System32\NSI.dll
0x00007ffebc830000 - 0x00007ffebc846000 	C:\WINDOWS\SYSTEM32\dhcpcsvc6.DLL
0x00007ffebca60000 - 0x00007ffebca7c000 	C:\WINDOWS\SYSTEM32\dhcpcsvc.DLL
0x00007ffec3ce0000 - 0x00007ffec3dab000 	C:\WINDOWS\SYSTEM32\DNSAPI.dll
0x0000000180000000 - 0x0000000180053000 	C:\Users\arsze\AppData\Local\Temp\libgdxarsze\1cecf4f6\lwjgl64.dll
0x00007ffea1ad0000 - 0x00007ffea1c26000 	C:\WINDOWS\SYSTEM32\OPENGL32.dll
0x00007ffea2420000 - 0x00007ffea244c000 	C:\WINDOWS\SYSTEM32\GLU32.dll
0x00007ffec3390000 - 0x00007ffec33b0000 	C:\WINDOWS\SYSTEM32\dxcore.dll
0x0000021c08bf0000 - 0x0000021c08c54000 	C:\Users\arsze\AppData\Local\Temp\libgdxarsze\1cecf4f6\OpenAL64.dll
0x00007ffec71f0000 - 0x00007ffec7347000 	C:\WINDOWS\System32\ole32.dll
0x00007ffec2a90000 - 0x00007ffec2b29000 	C:\WINDOWS\system32\uxtheme.dll
0x00007ffec5c40000 - 0x00007ffec5ce2000 	C:\WINDOWS\System32\clbcatq.dll
0x00007ffe8cec0000 - 0x00007ffe8cf59000 	C:\WINDOWS\SYSTEM32\dsound.dll
0x00007ffebd9c0000 - 0x00007ffebda32000 	C:\WINDOWS\System32\MMDevApi.dll
0x00007ffec4520000 - 0x00007ffec454a000 	C:\WINDOWS\System32\DEVOBJ.dll
0x00007ffebdce0000 - 0x00007ffebde3d000 	C:\WINDOWS\SYSTEM32\AUDIOSES.DLL
0x00007ffec6460000 - 0x00007ffec6525000 	C:\WINDOWS\System32\OLEAUT32.dll
0x00007ffebfdd0000 - 0x00007ffebff23000 	C:\WINDOWS\SYSTEM32\wintypes.dll
0x00007ffec2dd0000 - 0x00007ffec2de4000 	C:\WINDOWS\SYSTEM32\resourcepolicyclient.dll
0x00007ffebf5c0000 - 0x00007ffebf66e000 	C:\WINDOWS\SYSTEM32\mscms.dll
0x00007ffebf4e0000 - 0x00007ffebf4f7000 	C:\WINDOWS\SYSTEM32\ColorAdapterClient.dll
0x00007ffebd340000 - 0x00007ffebd35a000 	C:\Windows\System32\Windows.Internal.Graphics.Display.DisplayColorManagement.dll
0x00007ffec5910000 - 0x00007ffec5a45000 	C:\WINDOWS\System32\MSCTF.dll
0x00007ffeb6ac0000 - 0x00007ffeb6b5e000 	C:\WINDOWS\System32\TextInputFramework.dll
0x00007ffec25e0000 - 0x00007ffec26b4000 	C:\WINDOWS\System32\CoreMessaging.dll
0x00007ffec0310000 - 0x00007ffec063a000 	C:\WINDOWS\System32\CoreUIComponents.dll
0x00007ffec3780000 - 0x00007ffec37b1000 	C:\WINDOWS\SYSTEM32\ntmarta.dll
0x00007ffeb51f0000 - 0x00007ffeb5496000 	C:\WINDOWS\System32\iertutil.dll
0x0000000054440000 - 0x000000005667d000 	C:\WINDOWS\System32\DriverStore\FileRepository\nvlt.inf_amd64_d03cf07457eb2e04\nvoglv64.dll
0x00007ffec5ef0000 - 0x00007ffec6360000 	C:\WINDOWS\System32\SETUPAPI.dll
0x00007ffec11f0000 - 0x00007ffec1203000 	C:\WINDOWS\SYSTEM32\WTSAPI32.dll
0x00007ffec47f0000 - 0x00007ffec484c000 	C:\WINDOWS\System32\WINTRUST.dll
0x00007ffec4760000 - 0x00007ffec4772000 	C:\WINDOWS\System32\MSASN1.dll
0x00007ffec4d70000 - 0x00007ffec4eb9000 	C:\WINDOWS\System32\CRYPT32.dll
0x00007ffec2ec0000 - 0x00007ffec2eed000 	C:\WINDOWS\system32\dwmapi.dll
0x00007ffeae990000 - 0x00007ffeae9d3000 	C:\WINDOWS\SYSTEM32\icm32.dll
0x00007ffec37f0000 - 0x00007ffec3846000 	C:\WINDOWS\SYSTEM32\WINSTA.dll
0x00007ffec3420000 - 0x00007ffec350b000 	C:\WINDOWS\system32\dxgi.dll
0x00007ffec1970000 - 0x00007ffec1bcb000 	C:\WINDOWS\system32\d3d11.dll
0x00007ffea0670000 - 0x00007ffea075b000 	C:\WINDOWS\System32\DriverStore\FileRepository\nvlt.inf_amd64_d03cf07457eb2e04\nvldumdx.dll
0x00007ffec71d0000 - 0x00007ffec71ed000 	C:\WINDOWS\System32\imagehlp.dll
0x00007ffe913d0000 - 0x00007ffe92fcd000 	C:\WINDOWS\System32\DriverStore\FileRepository\nvlt.inf_amd64_d03cf07457eb2e04\nvwgf2umx.dll
0x00007ffeb4c40000 - 0x00007ffeb50d9000 	C:\WINDOWS\system32\nvapi64.dll
0x00007ffeba230000 - 0x00007ffebb63e000 	C:\WINDOWS\System32\DriverStore\FileRepository\iigd_dch.inf_amd64_38bfcb542ef4272e\igd10iumd64.dll
0x00007ffec4260000 - 0x00007ffec4286000 	C:\WINDOWS\SYSTEM32\ncrypt.dll
0x00007ffec4220000 - 0x00007ffec425b000 	C:\WINDOWS\SYSTEM32\NTASN1.dll
0x00007ffebc870000 - 0x00007ffebc9c2000 	C:\WINDOWS\System32\DriverStore\FileRepository\iigd_dch.inf_amd64_38bfcb542ef4272e\igdgmm64.dll
0x00007ffeb7ed0000 - 0x00007ffeba226000 	C:\WINDOWS\System32\DriverStore\FileRepository\iigd_dch.inf_amd64_38bfcb542ef4272e\igc64.dll
0x00007ffec2060000 - 0x00007ffec223c000 	C:\WINDOWS\SYSTEM32\dcomp.dll
0x000000006e9c0000 - 0x000000006ea1b000 	C:\Users\arsze\AppData\Local\Temp\libgdxarsze\b8f13a6a\gdx-box2d64.dll

dbghelp: loaded successfully - version: 4.0.5 - missing functions: none
symbol engine: initialized successfully - sym options: 0x614 - pdb path: .;C:\Program Files\JetBrains\IntelliJ IDEA Community Edition 2019.3.4\jbr\bin;C:\WINDOWS\SYSTEM32;C:\WINDOWS\WinSxS\amd64_microsoft.windows.common-controls_6595b64144ccf1df_6.0.18362.900_none_e6beb9d913147d17;C:\Program Files\JetBrains\IntelliJ IDEA Community Edition 2019.3.4\jbr\bin\server;C:\Users\arsze\AppData\Local\Temp\libgdxarsze\7d76f548;C:\Users\arsze\AppData\Local\Temp\libgdxarsze\1cecf4f6;C:\WINDOWS\System32\DriverStore\FileRepository\nvlt.inf_amd64_d03cf07457eb2e04;C:\WINDOWS\System32\DriverStore\FileRepository\iigd_dch.inf_amd64_38bfcb542ef4272e;C:\Users\arsze\AppData\Local\Temp\libgdxarsze\b8f13a6a

VM Arguments:
jvm_args: -Dfile.encoding=windows-1250 -Duser.country=PL -Duser.language=pl -Duser.variant 
java_command: com.kwojewod.contra.desktop.DesktopLauncher
java_class_path (initial): D:\proz.contra()\desktop\build\classes\java\main;D:\proz.contra()\desktop\build\resources\main;C:\Users\arsze\.gradle\caches\modules-2\files-2.1\com.badlogicgames.gdx\gdx-backend-lwjgl\1.9.10\8f88abd43500d94c486d25f04d642318da72773a\gdx-backend-lwjgl-1.9.10.jar;C:\Users\arsze\.gradle\caches\modules-2\files-2.1\com.badlogicgames.gdx\gdx-platform\1.9.10\1907b49f8363dd1ee37d273854a9cc3c741a6e66\gdx-platform-1.9.10-natives-desktop.jar;C:\Users\arsze\.gradle\caches\modules-2\files-2.1\com.badlogicgames.gdx\gdx-box2d-platform\1.9.10\91b19c283b24eec646a18e0e7b940c829920df4f\gdx-box2d-platform-1.9.10-natives-desktop.jar;D:\proz.contra()\core\build\libs\core-1.0.jar;C:\Users\arsze\.gradle\caches\modules-2\files-2.1\com.badlogicgames.gdx\gdx-box2d\1.9.10\d68a7a3484d47529a8d23cd467579eb098b38a9e\gdx-box2d-1.9.10.jar;C:\Users\arsze\.gradle\caches\modules-2\files-2.1\com.badlogicgames.gdx\gdx\1.9.10\79d9ad27bd5e3eb18c9ade61d3a27d7237695d53\gdx-1.9.10.jar;C:\Users\arsze\.gradle\caches\modules-2\files-2.1\org.lwjgl.lwjgl\lwjgl_util\2.9.3\751f06b62424da056954c67288fd5c494431e350\lwjgl_util-2.9.3.jar;C:\Users\arsze\.gradle\caches\modules-2\files-2.1\org.lwjgl.lwjgl\lwjgl\2.9.3\3df168ac74e4a8c96562cdff24ad352e255bf89c\lwjgl-2.9.3.jar;C:\Users\arsze\.gradle\caches\modules-2\files-2.1\com.badlogicgames.jlayer\jlayer\1.0.1-gdx\7cca83cec5c1b2f011362f4d85aabd71a73b049d\jlayer-1.0.1-gdx.jar;C:\Users\arsze\.gradle\caches\modules-2\files-2.1\org.jcraft\jorbis\0.0.17\8872d22b293e8f5d7d56ff92be966e6dc28ebdc6\jorbis-0.0.17.jar;C:\Users\arsze\.gradle\caches\modules-2\files-2.1\junit\junit\4.12\2973d150c0dc1fefe998f834810d68f278ea58ec\junit-4.12.jar;C:\Users\arsze\.gradle\caches\modules-2\files-2.1\org.lwjgl.lwjgl\lwjgl-platform\2.9.3\fbc2afb3e288578e9942578decb6291a490549a0\lwjgl-platform-2.9.3-natives-windows.jar;C:\Users\arsze\.gradle\caches\modules-2\files-2.1\org.lwjgl.lwjgl\lwjgl-platform\2.9.3\b1eafe80093381c56415731e1d64279e6140bcd0\lwjgl-platform-2.9.3-native
Launcher Type: SUN_STANDARD

[Global flags]
     intx CICompilerCount                          = 4                                         {product} {ergonomic}
     uint ConcGCThreads                            = 2                                         {product} {ergonomic}
     uint G1ConcRefinementThreads                  = 8                                         {product} {ergonomic}
   size_t G1HeapRegionSize                         = 1048576                                   {product} {ergonomic}
    uintx GCDrainStackTargetSize                   = 64                                        {product} {ergonomic}
   size_t InitialHeapSize                          = 134217728                                 {product} {ergonomic}
   size_t MarkStackSize                            = 4194304                                   {product} {ergonomic}
   size_t MaxHeapSize                              = 2116026368                                {product} {ergonomic}
   size_t MaxNewSize                               = 1268776960                                {product} {ergonomic}
   size_t MinHeapDeltaBytes                        = 1048576                                   {product} {ergonomic}
    uintx NonNMethodCodeHeapSize                   = 5836300                                {pd product} {ergonomic}
    uintx NonProfiledCodeHeapSize                  = 122910970                              {pd product} {ergonomic}
    uintx ProfiledCodeHeapSize                     = 122910970                              {pd product} {ergonomic}
    uintx ReservedCodeCacheSize                    = 251658240                              {pd product} {ergonomic}
     bool SegmentedCodeCache                       = true                                      {product} {ergonomic}
     bool UseCompressedClassPointers               = true                                 {lp64_product} {ergonomic}
     bool UseCompressedOops                        = true                                 {lp64_product} {ergonomic}
     bool UseG1GC                                  = true                                      {product} {ergonomic}
     bool UseLargePagesIndividualAllocation        = false                                  {pd product} {ergonomic}

Logging:
Log output configuration:
 #0: stdout all=warning uptime,level,tags
 #1: stderr all=off uptime,level,tags

Environment Variables:
JAVA_HOME=C:\Program Files\Java\jdk1.8.0_241
PATH=C:\Program Files\Java\jdk1.8.0_241\bin;C:\Program Files (x86)\Common Files\Oracle\Java\javapath;C:\WINDOWS\system32;C:\WINDOWS;C:\WINDOWS\System32\Wbem;C:\WINDOWS\System32\WindowsPowerShell\v1.0\;C:\WINDOWS\System32\OpenSSH\;D:\apache-maven-3.6.3\bin;C:\Users\arsze\AppData\Local\Microsoft\WindowsApps;C:\Program Files (x86)\Dr. Memory\bin\;D:\Nowy folder (4)\bin\;D:\Microsoft VS Code\bin;C:\Program Files (x86)\mingw-w64\i686-8.1.0-posix-dwarf-rt_v6-rev0\mingw32\bin;C:\Program Files\Java\jdk-13.0.2\bin;C:\Users\arsze\AppData\Local\GitHubDesktop\bin
USERNAME=arsze
OS=Windows_NT
PROCESSOR_IDENTIFIER=Intel64 Family 6 Model 158 Stepping 9, GenuineIntel



---------------  S Y S T E M  ---------------

OS: Windows 10 , 64 bit Build 18362 (10.0.18362.900)

CPU:total 8 (initial active 8) (4 cores per cpu, 2 threads per core) family 6 model 158 stepping 9, cmov, cx8, fxsr, mmx, sse, sse2, sse3, ssse3, sse4.1, sse4.2, popcnt, avx, avx2, aes, clmul, erms, 3dnowpref, lzcnt, ht, tsc, tscinvbit, bmi1, bmi2, adx, fma

Memory: 4k page, system-wide physical 8067M (1021M free)
TotalPageFile size 18819M (AvailPageFile size 7545M)
current process WorkingSet (physical memory assigned to process): 150M, peak: 153M
current process commit charge ("private bytes"): 323M, peak: 326M

vm_info: OpenJDK 64-Bit Server VM (11.0.6+8-b520.43) for windows-amd64 JRE (11.0.6+8-b520.43), built on Feb  3 2020 14:18:56 by "" with MS VC++ 14.0 (VS2015)

END.
